<?xml version="1.0" encoding="UTF-8"?>
<testng-results skipped="0" failed="0" total="1" passed="1">
  <reporter-output>
  </reporter-output>
  <suite name="Default suite" duration-ms="33182" started-at="2018-12-06T15:17:26Z" finished-at="2018-12-06T15:17:59Z">
    <groups>
    </groups>
    <test name="Default test" duration-ms="33182" started-at="2018-12-06T15:17:26Z" finished-at="2018-12-06T15:17:59Z">
      <class name="com.autobots.test.AutoTest">
        <test-method status="PASS" signature="ChromeStart()[pri:0, instance:com.autobots.test.AutoTest@e807c6]" name="ChromeStart" is-config="true" duration-ms="10824" started-at="2018-12-06T20:47:26Z" finished-at="2018-12-06T20:47:37Z">
          <reporter-output>
          </reporter-output>
        </test-method> <!-- ChromeStart -->
        <test-method status="PASS" signature="testMethod()[pri:0, instance:com.autobots.test.AutoTest@e807c6]" name="testMethod" duration-ms="18324" started-at="2018-12-06T20:47:37Z" finished-at="2018-12-06T20:47:55Z">
          <reporter-output>
          </reporter-output>
        </test-method> <!-- testMethod -->
        <test-method status="PASS" signature="Last()[pri:0, instance:com.autobots.test.AutoTest@e807c6]" name="Last" is-config="true" duration-ms="4028" started-at="2018-12-06T20:47:55Z" finished-at="2018-12-06T20:47:59Z">
          <reporter-output>
          </reporter-output>
        </test-method> <!-- Last -->
      </class> <!-- com.autobots.test.AutoTest -->
    </test> <!-- Default test -->
  </suite> <!-- Default suite -->
</testng-results>
